<?xml version="1.0" encoding="UTF-8"?>
<testsuite xmlns:xsi="http://www.w3.org/2001/XMLSchema-instance" xsi:noNamespaceSchemaLocation="https://maven.apache.org/surefire/maven-surefire-plugin/xsd/surefire-test-report.xsd" name="com.lb.StudentSystemApplicationTests" time="15.567" tests="13" errors="0" skipped="0" failures="0">
  <properties>
[...]
</properties>
  <testcase name="queryClassId" classname="com.lb.StudentSystemApplicationTests" time="0.771"/>
  <testcase name="testTeacherAll" classname="com.lb.StudentSystemApplicationTests" time="0.162"/>
  <testcase name="queryAuthClassName" classname="com.lb.StudentSystemApplicationTests" time="0.007"/>
  <testcase name="testQueryCourseAllTeacherName" classname="com.lb.StudentSystemApplicationTests" time="0.193"/>
  <testcase name="queryAllAttendance" classname="com.lb.StudentSystemApplicationTests" time="0.039"/>
  <testcase name="testAddTeacher" classname="com.lb.StudentSystemApplicationTests" time="0.203"/>
  <testcase name="test" classname="com.lb.StudentSystemApplicationTests" time="0.017"/>
  <testcase name="testQueryCourseAll" classname="com.lb.StudentSystemApplicationTests" time="0.072"/>
  <testcase name="queryStuClassByCourseName" classname="com.lb.StudentSystemApplicationTests" time="0.014"/>
  <testcase name="queryCourseAndClassNameVoMapper" classname="com.lb.StudentSystemApplicationTests" time="0.006"/>
  <testcase name="contextLoads" classname="com.lb.StudentSystemApplicationTests" time="0.015"/>
  <testcase name="testQueryPersonInfo" classname="com.lb.StudentSystemApplicationTests" time="0.03"/>
  <testcase name="queryStudentByClassName" classname="com.lb.StudentSystemApplicationTests" time="0.051"/>
</testsuite>